Change Component Designator: OldDesignator=C8 NewDesignator=C7
Change Component Designator: OldDesignator=C9 NewDesignator=C8
Change Component Designator: OldDesignator=C15 NewDesignator=C14
Change Component Designator: OldDesignator=C17 NewDesignator=C15
Change Component Designator: OldDesignator=C18 NewDesignator=C16
Change Component Designator: OldDesignator=C19 NewDesignator=C17
Change Component Designator: OldDesignator=C20 NewDesignator=C18
Change Component Designator: OldDesignator=C21 NewDesignator=C19
Change Component Designator: OldDesignator=C22 NewDesignator=C20
Change Component Designator: OldDesignator=C23 NewDesignator=C21
Change Component Designator: OldDesignator=C24 NewDesignator=C22
Change Component Designator: OldDesignator=C25 NewDesignator=C23
Change Component Designator: OldDesignator=C26 NewDesignator=C24
Change Component Designator: OldDesignator=C27 NewDesignator=C25
Change Component Designator: OldDesignator=C28 NewDesignator=C26
Change Component Designator: OldDesignator=C29 NewDesignator=C27
Change Component Designator: OldDesignator=C30 NewDesignator=C28
Change Component Designator: OldDesignator=C31 NewDesignator=C29
Change Component Designator: OldDesignator=C32 NewDesignator=C30
Change Component Designator: OldDesignator=C33 NewDesignator=C31
Change Component Designator: OldDesignator=C34 NewDesignator=C32
Change Component Designator: OldDesignator=C35 NewDesignator=C33
Change Component Designator: OldDesignator=C36 NewDesignator=C34
Change Component Designator: OldDesignator=C37 NewDesignator=C35
Change Component Designator: OldDesignator=C38 NewDesignator=C36
Change Component Designator: OldDesignator=C39 NewDesignator=C37
Change Component Designator: OldDesignator=C40 NewDesignator=C38
Change Component Designator: OldDesignator=C41 NewDesignator=C39
Change Component Designator: OldDesignator=C42 NewDesignator=C40
Change Component Designator: OldDesignator=C43 NewDesignator=C41
Change Component Designator: OldDesignator=C44 NewDesignator=C42
Change Component Designator: OldDesignator=C45 NewDesignator=C43
Change Component Designator: OldDesignator=C46 NewDesignator=C44
Change Component Designator: OldDesignator=C47 NewDesignator=C45
Change Component Designator: OldDesignator=C48 NewDesignator=C46
Change Component Designator: OldDesignator=C49 NewDesignator=C47
Change Component Designator: OldDesignator=C50 NewDesignator=C48
Change Component Designator: OldDesignator=C51 NewDesignator=C49
Change Component Designator: OldDesignator=C52 NewDesignator=C50
Change Component Designator: OldDesignator=C53 NewDesignator=C51
Change Component Designator: OldDesignator=C54 NewDesignator=C52
Change Component Designator: OldDesignator=C55 NewDesignator=C53
Change Component Designator: OldDesignator=C56 NewDesignator=C54
Change Component Designator: OldDesignator=C57 NewDesignator=C55
Change Component Designator: OldDesignator=C58 NewDesignator=C56
Change Component Designator: OldDesignator=C59 NewDesignator=C57
Change Component Designator: OldDesignator=C60 NewDesignator=C58
Change Component Designator: OldDesignator=C61 NewDesignator=C59
Change Component Designator: OldDesignator=C62 NewDesignator=C60
Change Component Designator: OldDesignator=C63 NewDesignator=C61
Change Component Designator: OldDesignator=C64 NewDesignator=C62
Change Component Designator: OldDesignator=C65 NewDesignator=C63
Change Component Designator: OldDesignator=C66 NewDesignator=C64
Change Component Designator: OldDesignator=C67 NewDesignator=C65
Change Component Designator: OldDesignator=C68 NewDesignator=C66
Change Component Designator: OldDesignator=C69 NewDesignator=C67
Change Component Designator: OldDesignator=C70 NewDesignator=C68
Change Component Designator: OldDesignator=C71 NewDesignator=C69
Change Component Designator: OldDesignator=C72 NewDesignator=C70
Change Component Designator: OldDesignator=C73 NewDesignator=C71
Change Component Designator: OldDesignator=C74 NewDesignator=C72
Change Component Designator: OldDesignator=C75 NewDesignator=C73
Change Component Designator: OldDesignator=C76 NewDesignator=C74
Change Component Designator: OldDesignator=C77 NewDesignator=C75
Change Component Designator: OldDesignator=C78 NewDesignator=C76
Change Component Designator: OldDesignator=C79 NewDesignator=C77
Change Component Designator: OldDesignator=R3 NewDesignator=R5
Change Component Designator: OldDesignator=R4 NewDesignator=R6
Change Component Designator: OldDesignator=R5 NewDesignator=R7
Change Component Designator: OldDesignator=R6 NewDesignator=R8
Change Component Designator: OldDesignator=R7 NewDesignator=R9
Change Component Designator: OldDesignator=R8 NewDesignator=R10
Change Component Designator: OldDesignator=R9 NewDesignator=R12
Change Component Designator: OldDesignator=R10 NewDesignator=R14
Change Component Designator: OldDesignator=R11 NewDesignator=R15
Change Component Designator: OldDesignator=R12 NewDesignator=R16
Change Component Designator: OldDesignator=R13 NewDesignator=R17
Change Component Designator: OldDesignator=R14 NewDesignator=R18
Change Component Designator: OldDesignator=R15 NewDesignator=R19
Change Component Designator: OldDesignator=R16 NewDesignator=R20
Change Component Designator: OldDesignator=R17 NewDesignator=R21
Change Component Designator: OldDesignator=R18 NewDesignator=R22
Change Component Designator: OldDesignator=R19 NewDesignator=R23
Change Component Designator: OldDesignator=R20 NewDesignator=R24
Change Component Designator: OldDesignator=R21 NewDesignator=R25
Change Component Designator: OldDesignator=R22 NewDesignator=R26
Change Component Designator: OldDesignator=R23 NewDesignator=R27
Change Component Designator: OldDesignator=R24 NewDesignator=R28
Change Component Designator: OldDesignator=R25 NewDesignator=R29
Change Component Designator: OldDesignator=R26 NewDesignator=R30
Change Component Designator: OldDesignator=R27 NewDesignator=R31
Change Component Designator: OldDesignator=R28 NewDesignator=R32
Change Component Designator: OldDesignator=R29 NewDesignator=R33
Change Component Designator: OldDesignator=R30 NewDesignator=R34
Change Component Designator: OldDesignator=R31 NewDesignator=R35
Change Component Designator: OldDesignator=R32 NewDesignator=R36
Change Component Designator: OldDesignator=R33 NewDesignator=R37
Change Component Designator: OldDesignator=R34 NewDesignator=R38
Change Component Designator: OldDesignator=R35 NewDesignator=R39
Change Component Designator: OldDesignator=R36 NewDesignator=R40
Change Component Designator: OldDesignator=R37 NewDesignator=R41
Change Component Designator: OldDesignator=R38 NewDesignator=R42
Change Component Designator: OldDesignator=R39 NewDesignator=R43
Change Component Designator: OldDesignator=R40 NewDesignator=R44
Change Component Designator: OldDesignator=R41 NewDesignator=R45
Change Component Designator: OldDesignator=R42 NewDesignator=R46
Change Component Designator: OldDesignator=R43 NewDesignator=R47
Change Component Designator: OldDesignator=R44 NewDesignator=R48
Change Component Designator: OldDesignator=R45 NewDesignator=R49
Change Component Designator: OldDesignator=R46 NewDesignator=R50
Change Component Designator: OldDesignator=R47 NewDesignator=R51
Change Component Designator: OldDesignator=R48 NewDesignator=R52
Change Component Designator: OldDesignator=R49 NewDesignator=R53
Change Component Designator: OldDesignator=R50 NewDesignator=R54
Change Component Designator: OldDesignator=R51 NewDesignator=R55
Change Component Designator: OldDesignator=R52 NewDesignator=R56
Change Component Designator: OldDesignator=R53 NewDesignator=R57
Change Component Designator: OldDesignator=R54 NewDesignator=R58
Change Component Designator: OldDesignator=R55 NewDesignator=R59
Change Component Designator: OldDesignator=R56 NewDesignator=R60
Change Component Designator: OldDesignator=R57 NewDesignator=R61
Change Component Designator: OldDesignator=R58 NewDesignator=R62
Change Component Designator: OldDesignator=R59 NewDesignator=R63
Change Component Designator: OldDesignator=R60 NewDesignator=R64
Change Component Designator: OldDesignator=R61 NewDesignator=R65
Change Component Designator: OldDesignator=R62 NewDesignator=R66
Change Component Designator: OldDesignator=R63 NewDesignator=R67
Change Component Designator: OldDesignator=R64 NewDesignator=R68
Change Component Designator: OldDesignator=R65 NewDesignator=R69
Change Component Designator: OldDesignator=R66 NewDesignator=R70
Change Component Designator: OldDesignator=R67 NewDesignator=R71
Change Component Designator: OldDesignator=R68 NewDesignator=R72
Change Component Designator: OldDesignator=R69 NewDesignator=R73
Change Component Designator: OldDesignator=U2 NewDesignator=U3
Added Component: Designator=C9(0805c)
Add component (AddParameter): Name = "LatestRevisionDate"; Value = "17-Jul-2002"; VariantName = "[No Variations]"
Add component (AddParameter): Name = "LatestRevisionNote"; Value = "Re-released for DXP Platform."; VariantName = "[No Variations]"
Add component (AddParameter): Name = "PackageDescription"; Value = "Radial Cap, Thru-Hole; 2 Leads; 0.3 in Pin Spacing"; VariantName = "[No Variations]"
Add component (AddParameter): Name = "PackageReference"; Value = "RAD-0.3"; VariantName = "[No Variations]"
Add component (AddParameter): Name = "Published"; Value = "8-Jun-2000"; VariantName = "[No Variations]"
Add component (AddParameter): Name = "Publisher"; Value = "Altium Limited"; VariantName = "[No Variations]"
Add component (AddParameter): Name = "Value"; Value = "0.1uF"; VariantName = "[No Variations]"
Added Component: Designator=R3(0805R)
Add component (AddParameter): Name = "LatestRevisionDate"; Value = "17-Jul-2002"; VariantName = "[No Variations]"
Add component (AddParameter): Name = "LatestRevisionNote"; Value = "Re-released for DXP Platform."; VariantName = "[No Variations]"
Add component (AddParameter): Name = "PackageDescription"; Value = "Axial Device, Thru-Hole; 2 Leads; 0.4 in Pin Spacing"; VariantName = "[No Variations]"
Add component (AddParameter): Name = "PackageReference"; Value = "AXIAL-0.4"; VariantName = "[No Variations]"
Add component (AddParameter): Name = "Published"; Value = "8-Jun-2000"; VariantName = "[No Variations]"
Add component (AddParameter): Name = "Publisher"; Value = "Altium Limited"; VariantName = "[No Variations]"
Add component (AddParameter): Name = "Value"; Value = "470"; VariantName = "[No Variations]"
Added Component: Designator=R4(0805R)
Add component (AddParameter): Name = "LatestRevisionDate"; Value = "17-Jul-2002"; VariantName = "[No Variations]"
Add component (AddParameter): Name = "LatestRevisionNote"; Value = "Re-released for DXP Platform."; VariantName = "[No Variations]"
Add component (AddParameter): Name = "PackageDescription"; Value = "Axial Device, Thru-Hole; 2 Leads; 0.4 in Pin Spacing"; VariantName = "[No Variations]"
Add component (AddParameter): Name = "PackageReference"; Value = "AXIAL-0.4"; VariantName = "[No Variations]"
Add component (AddParameter): Name = "Published"; Value = "8-Jun-2000"; VariantName = "[No Variations]"
Add component (AddParameter): Name = "Publisher"; Value = "Altium Limited"; VariantName = "[No Variations]"
Add component (AddParameter): Name = "Value"; Value = "3.3K"; VariantName = "[No Variations]"
Added Component: Designator=R11(0805R)
Add component (AddParameter): Name = "LatestRevisionDate"; Value = "17-Jul-2002"; VariantName = "[No Variations]"
Add component (AddParameter): Name = "LatestRevisionNote"; Value = "Re-released for DXP Platform."; VariantName = "[No Variations]"
Add component (AddParameter): Name = "PackageDescription"; Value = "Axial Device, Thru-Hole; 2 Leads; 0.4 in Pin Spacing"; VariantName = "[No Variations]"
Add component (AddParameter): Name = "PackageReference"; Value = "AXIAL-0.4"; VariantName = "[No Variations]"
Add component (AddParameter): Name = "Published"; Value = "8-Jun-2000"; VariantName = "[No Variations]"
Add component (AddParameter): Name = "Publisher"; Value = "Altium Limited"; VariantName = "[No Variations]"
Add component (AddParameter): Name = "Value"; Value = "1K"; VariantName = "[No Variations]"
Added Component: Designator=R13(0805R)
Add component (AddParameter): Name = "LatestRevisionDate"; Value = "17-Jul-2002"; VariantName = "[No Variations]"
Add component (AddParameter): Name = "LatestRevisionNote"; Value = "Re-released for DXP Platform."; VariantName = "[No Variations]"
Add component (AddParameter): Name = "PackageDescription"; Value = "Axial Device, Thru-Hole; 2 Leads; 0.4 in Pin Spacing"; VariantName = "[No Variations]"
Add component (AddParameter): Name = "PackageReference"; Value = "AXIAL-0.4"; VariantName = "[No Variations]"
Add component (AddParameter): Name = "Published"; Value = "8-Jun-2000"; VariantName = "[No Variations]"
Add component (AddParameter): Name = "Publisher"; Value = "Altium Limited"; VariantName = "[No Variations]"
Add component (AddParameter): Name = "Value"; Value = "1K"; VariantName = "[No Variations]"
Added Component: Designator=U2(SO8_N)
Added Pin To Net: NetName=3.3VCC Pin=C9-1
Added Pin To Net: NetName=5VIN- Pin=C9-2
Added Pin To Net: NetName=5VDD Pin=R3-2
Added Pin To Net: NetName=15V Pin=R4-2
Added Pin To Net: NetName=3.3VCC Pin=R11-1
Added Pin To Net: NetName=3.3VCC Pin=R13-1
Added Pin To Net: NetName=Iret Pin=U2-2
Added Pin To Net: NetName=-15V Pin=U2-3
Added Pin To Net: NetName=5VIN- Pin=U2-5
Added Pin To Net: NetName=3.3VCC Pin=U2-8
Change Net Name : Old Net Name=NetC49_1 New Net Name=NetC47_1
Change Net Name : Old Net Name=NetC52_1 New Net Name=NetC50_1
Change Net Name : Old Net Name=NetC63_2 New Net Name=NetC61_2
Change Net Name : Old Net Name=NetC65_1 New Net Name=NetC63_1
Change Net Name : Old Net Name=NetC77_2 New Net Name=NetC75_2
Change Net Name : Old Net Name=NetC79_2 New Net Name=NetC77_2
Change Net Name : Old Net Name=NetR5_2 New Net Name=NetR7_2
Change Net Name : Old Net Name=NetR10_1 New Net Name=NetR14_1
Change Net Name : Old Net Name=NetR11_1 New Net Name=NetR15_1
Change Net Name : Old Net Name=NetR12_1 New Net Name=NetR16_1
Change Net Name : Old Net Name=NetR13_1 New Net Name=NetR17_1
Change Net Name : Old Net Name=NetR32_1 New Net Name=NetR36_1
Change Net Name : Old Net Name=NetR50_3 New Net Name=NetR54_3
Change Net Name : Old Net Name=NetR51_1 New Net Name=NetR55_1
Change Net Name : Old Net Name=NetR55_2 New Net Name=NetR59_2
Change Net Name : Old Net Name=NetR58_3 New Net Name=NetR62_3
Change Net Name : Old Net Name=NetR62_2 New Net Name=NetR66_2
Change Net Name : Old Net Name=NetR64_2 New Net Name=NetR68_2
Change Net Name : Old Net Name=NetR66_1 New Net Name=NetR70_1
Change Net Name : Old Net Name=NetR68_2 New Net Name=NetR72_2
Added Pin To Net: NetName=5VON Pin=R11-2
Added Pin To Net: NetName=5VON Pin=U2-7
Added Pin To Net: NetName=5VON Pin=U6-8
Added Net: Name=5VON
Added Pin To Net: NetName=NetR3_1 Pin=R3-1
Added Pin To Net: NetName=NetR3_1 Pin=U2-1
Added Net: Name=NetR3_1
Added Pin To Net: NetName=NetR4_1 Pin=R4-1
Added Pin To Net: NetName=NetR4_1 Pin=U2-4
Added Net: Name=NetR4_1
Added Pin To Net: NetName=¡À15VON Pin=R13-2
Added Pin To Net: NetName=¡À15VON Pin=U2-6
Added Pin To Net: NetName=¡À15VON Pin=U6-9
Added Net: Name=¡À15VON
Added Member To Class: ClassName=betaV2.1 Member=Component C9 CC0805MRX7R9BB104
Added Member To Class: ClassName=betaV2.1 Member=Component R70 RC0805JR-073300RL
Added Member To Class: ClassName=betaV2.1 Member=Component R71 RC0805JR-074700RL
Added Member To Class: ClassName=betaV2.1 Member=Component R72 RC0805JR-07100ML
Added Member To Class: ClassName=betaV2.1 Member=Component R73 3296W-1-104
Added Member To Class: ClassName=betaV2.1 Member=Component U3 LM1117IMP-3.3/NOPB
