Removed Pin From Net: NetName=NetP6_2 Pin=P6-2
Removed Pin From Net: NetName=NetP6_7 Pin=P6-7
Removed Pin From Net: NetName=NetP6_3 Pin=R41-1
Removed Pin From Net: NetName=NetP6_3 Pin=R47-2
Removed Pin From Net: NetName=NetP6_4 Pin=R48-2
Removed Pin From Net: NetName=NetP6_5 Pin=R49-2
Removed Pin From Net: NetName=NetP6_6 Pin=R50-2
Removed Pin From Net: NetName=NetP6_8 Pin=R52-2
Removed Pin From Net: NetName=NetP6_1 Pin=R53-2
Added Pin To Net: NetName=NetP6_7 Pin=P6-2
Added Pin To Net: NetName=NetP6_2 Pin=P6-7
Added Pin To Net: NetName=NetP6_6 Pin=R41-1
Added Pin To Net: NetName=NetP6_6 Pin=R47-2
Added Pin To Net: NetName=NetP6_5 Pin=R48-2
Added Pin To Net: NetName=NetP6_4 Pin=R49-2
Added Pin To Net: NetName=NetP6_3 Pin=R50-2
Added Pin To Net: NetName=NetP6_1 Pin=R52-2
Added Pin To Net: NetName=NetP6_8 Pin=R53-2
Change Net Name : Old Net Name=NetP6_2 New Net Name=NetP6_7
Change Net Name : Old Net Name=NetP6_7 New Net Name=NetP6_2
