Removed Pin From Net: NetName=CHN4_P Pin=D7-2
Removed Pin From Net: NetName=CHN4_N Pin=D8-1
Removed Pin From Net: NetName=CHN4_P Pin=D8-2
Removed Pin From Net: NetName=CHN4_N Pin=D9-2
Removed Pin From Net: NetName=CHN3_P Pin=D10-2
Removed Pin From Net: NetName=CHN3_N Pin=D11-1
Removed Pin From Net: NetName=CHN3_P Pin=D11-2
Removed Pin From Net: NetName=CHN3_N Pin=D12-2
Removed Pin From Net: NetName=CHN2_P Pin=D13-2
Removed Pin From Net: NetName=CHN2_N Pin=D14-1
Removed Pin From Net: NetName=CHN2_P Pin=D14-2
Removed Pin From Net: NetName=CHN2_N Pin=D15-2
Removed Pin From Net: NetName=CHN1_P Pin=D16-2
Removed Pin From Net: NetName=CHN1_N Pin=D17-1
Removed Pin From Net: NetName=CHN1_P Pin=D17-2
Removed Pin From Net: NetName=CHN1_N Pin=D18-2
Removed Pin From Net: NetName=REFIN1_N Pin=D21-2
Removed Pin From Net: NetName=CHN5_P Pin=D22-2
Removed Pin From Net: NetName=CHN5_N Pin=D23-1
Removed Pin From Net: NetName=CHN5_P Pin=D23-2
Removed Pin From Net: NetName=CHN5_N Pin=D24-2
Removed Pin From Net: NetName=AIN11 Pin=D25-2
Removed Pin From Net: NetName=AIN8 Pin=D26-2
Removed Pin From Net: NetName=REFIN1_P Pin=D27-1
Removed Pin From Net: NetName=AIN8 Pin=D27-2
Removed Pin From Net: NetName=REFIN1_N Pin=D28-1
Removed Pin From Net: NetName=REFIN1_P Pin=D28-2
Removed Pin From Net: NetName=NetP3_1 Pin=P3-1
Removed Pin From Net: NetName=NetP3_2 Pin=P3-2
Removed Pin From Net: NetName=NetP3_3 Pin=P3-3
Removed Pin From Net: NetName=NetP3_4 Pin=P3-4
Removed Pin From Net: NetName=NetP3_5 Pin=P3-5
Removed Pin From Net: NetName=NetP3_6 Pin=P3-6
Removed Pin From Net: NetName=NetP3_7 Pin=P3-7
Removed Pin From Net: NetName=NetP3_8 Pin=P3-8
Removed Pin From Net: NetName=NetP6_1 Pin=P6-1
Removed Pin From Net: NetName=NetP6_2 Pin=P6-2
Removed Pin From Net: NetName=NetP6_3 Pin=P6-3
Removed Pin From Net: NetName=NetP6_4 Pin=P6-4
Removed Pin From Net: NetName=NetP6_5 Pin=P6-5
Removed Pin From Net: NetName=NetP6_8 Pin=P6-8
Removed Pin From Net: NetName=NetP3_1 Pin=R23-2
Removed Pin From Net: NetName=NetP3_2 Pin=R24-2
Removed Pin From Net: NetName=NetP3_3 Pin=R25-2
Removed Pin From Net: NetName=NetP3_4 Pin=R26-2
Removed Pin From Net: NetName=NetP3_5 Pin=R27-2
Removed Pin From Net: NetName=NetP3_6 Pin=R28-2
Removed Pin From Net: NetName=NetP3_7 Pin=R29-2
Removed Pin From Net: NetName=NetP3_8 Pin=R30-2
Removed Pin From Net: NetName=NetP6_5 Pin=R48-2
Removed Pin From Net: NetName=NetP6_4 Pin=R49-2
Removed Pin From Net: NetName=NetP6_3 Pin=R50-2
Removed Pin From Net: NetName=NetP6_2 Pin=R51-2
Removed Pin From Net: NetName=NetP6_1 Pin=R52-2
Removed Pin From Net: NetName=NetP6_8 Pin=R53-2
Change Component Designator: OldDesignator=C64 NewDesignator=C65
Change Component Designator: OldDesignator=C65 NewDesignator=C64
Change Component Designator: OldDesignator=D6 NewDesignator=D18
Change Component Designator: OldDesignator=D7 NewDesignator=D6
Change Component Designator: OldDesignator=D8 NewDesignator=D7
Change Component Designator: OldDesignator=D9 NewDesignator=D8
Change Component Designator: OldDesignator=D10 NewDesignator=D9
Change Component Designator: OldDesignator=D11 NewDesignator=D10
Change Component Designator: OldDesignator=D12 NewDesignator=D11
Change Component Designator: OldDesignator=D13 NewDesignator=D12
Change Component Designator: OldDesignator=D14 NewDesignator=D13
Change Component Designator: OldDesignator=D15 NewDesignator=D14
Change Component Designator: OldDesignator=D16 NewDesignator=D15
Change Component Designator: OldDesignator=D17 NewDesignator=D16
Change Component Designator: OldDesignator=D18 NewDesignator=D17
Change Component Designator: OldDesignator=D20 NewDesignator=D23
Change Component Designator: OldDesignator=D21 NewDesignator=D25
Change Component Designator: OldDesignator=D22 NewDesignator=D26
Change Component Designator: OldDesignator=D23 NewDesignator=D27
Change Component Designator: OldDesignator=D24 NewDesignator=D28
Change Component Designator: OldDesignator=D25 NewDesignator=D29
Change Component Designator: OldDesignator=D26 NewDesignator=D20
Change Component Designator: OldDesignator=D27 NewDesignator=D21
Change Component Designator: OldDesignator=D28 NewDesignator=D22
Change Component Designator: OldDesignator=D29 NewDesignator=D32
Change Component Designator: OldDesignator=R41 NewDesignator=R42
Change Component Designator: OldDesignator=R42 NewDesignator=R41
Change Component Designator: OldDesignator=R45 NewDesignator=R50
Change Component Designator: OldDesignator=R46 NewDesignator=R51
Change Component Designator: OldDesignator=R47 NewDesignator=R52
Change Component Designator: OldDesignator=R48 NewDesignator=R45
Change Component Designator: OldDesignator=R49 NewDesignator=R46
Change Component Designator: OldDesignator=R50 NewDesignator=R47
Change Component Designator: OldDesignator=R51 NewDesignator=R48
Change Component Designator: OldDesignator=R52 NewDesignator=R49
Added Component: Designator=D24(sod323)
Added Component: Designator=D30(sod323)
Added Component: Designator=D31(sod323)
Added Pin To Net: NetName=NetP6_8 Pin=D6-2
Added Pin To Net: NetName=NetP6_5 Pin=D7-1
Added Pin To Net: NetName=NetP6_8 Pin=D7-2
Added Pin To Net: NetName=NetP6_5 Pin=D8-2
Added Pin To Net: NetName=NetP6_4 Pin=D9-2
Added Pin To Net: NetName=NetP6_3 Pin=D10-1
Added Pin To Net: NetName=NetP6_4 Pin=D10-2
Added Pin To Net: NetName=NetP6_3 Pin=D11-2
Added Pin To Net: NetName=NetP6_2 Pin=D12-2
Added Pin To Net: NetName=NetP6_1 Pin=D13-1
Added Pin To Net: NetName=NetP6_2 Pin=D13-2
Added Pin To Net: NetName=NetP6_1 Pin=D14-2
Added Pin To Net: NetName=NetP3_8 Pin=D15-2
Added Pin To Net: NetName=NetP3_7 Pin=D16-1
Added Pin To Net: NetName=NetP3_8 Pin=D16-2
Added Pin To Net: NetName=NetP3_7 Pin=D17-2
Added Pin To Net: NetName=NetP6_7 Pin=D20-2
Added Pin To Net: NetName=NetP6_6 Pin=D21-1
Added Pin To Net: NetName=NetP6_7 Pin=D21-2
Added Pin To Net: NetName=NetP6_6 Pin=D22-1
Added Pin To Net: NetName=NetP6_6 Pin=D22-2
Added Pin To Net: NetName=5VIN- Pin=D24-1
Added Pin To Net: NetName=NetP3_6 Pin=D24-2
Added Pin To Net: NetName=NetP6_6 Pin=D25-2
Added Pin To Net: NetName=NetP3_5 Pin=D26-2
Added Pin To Net: NetName=NetP3_4 Pin=D27-1
Added Pin To Net: NetName=NetP3_5 Pin=D27-2
Added Pin To Net: NetName=NetP3_4 Pin=D28-2
Added Pin To Net: NetName=NetP3_3 Pin=D29-2
Added Pin To Net: NetName=5VIN- Pin=D30-1
Added Pin To Net: NetName=NetP3_2 Pin=D30-2
Added Pin To Net: NetName=5VIN- Pin=D31-1
Added Pin To Net: NetName=NetP3_1 Pin=D31-2
Added Pin To Net: NetName=NetP6_8 Pin=P3-1
Added Pin To Net: NetName=NetP6_5 Pin=P3-2
Added Pin To Net: NetName=NetP6_4 Pin=P3-3
Added Pin To Net: NetName=NetP6_3 Pin=P3-4
Added Pin To Net: NetName=NetP6_2 Pin=P3-5
Added Pin To Net: NetName=NetP6_1 Pin=P3-6
Added Pin To Net: NetName=NetP3_8 Pin=P3-7
Added Pin To Net: NetName=NetP3_7 Pin=P3-8
Added Pin To Net: NetName=NetP3_1 Pin=P6-1
Added Pin To Net: NetName=NetP3_2 Pin=P6-2
Added Pin To Net: NetName=NetP3_3 Pin=P6-3
Added Pin To Net: NetName=NetP3_4 Pin=P6-4
Added Pin To Net: NetName=NetP3_5 Pin=P6-5
Added Pin To Net: NetName=NetP3_6 Pin=P6-8
Added Pin To Net: NetName=NetP6_8 Pin=R23-2
Added Pin To Net: NetName=NetP6_5 Pin=R24-2
Added Pin To Net: NetName=NetP6_4 Pin=R25-2
Added Pin To Net: NetName=NetP6_3 Pin=R26-2
Added Pin To Net: NetName=NetP6_2 Pin=R27-2
Added Pin To Net: NetName=NetP6_1 Pin=R28-2
Added Pin To Net: NetName=NetP3_8 Pin=R29-2
Added Pin To Net: NetName=NetP3_7 Pin=R30-2
Added Pin To Net: NetName=NetP3_5 Pin=R45-2
Added Pin To Net: NetName=NetP3_4 Pin=R46-2
Added Pin To Net: NetName=NetP3_3 Pin=R47-2
Added Pin To Net: NetName=NetP3_2 Pin=R48-2
Added Pin To Net: NetName=NetP3_1 Pin=R49-2
Added Pin To Net: NetName=NetP3_6 Pin=R53-2
Change Net Name : Old Net Name=NetC64_1 New Net Name=NetC65_1
Change Net Name : Old Net Name=NetD29_2 New Net Name=NetD32_2
Change Net Name : Old Net Name=NetP3_1 New Net Name=NetD31_2
Change Net Name : Old Net Name=NetP3_2 New Net Name=NetD30_2
Change Net Name : Old Net Name=NetP3_3 New Net Name=NetD29_2
Change Net Name : Old Net Name=NetP3_4 New Net Name=NetD27_1
Change Net Name : Old Net Name=NetP3_5 New Net Name=NetD26_2
Change Net Name : Old Net Name=NetP3_6 New Net Name=NetD24_2
Change Net Name : Old Net Name=NetP3_7 New Net Name=NetD16_1
Change Net Name : Old Net Name=NetP3_8 New Net Name=NetD15_2
Change Net Name : Old Net Name=NetP6_1 New Net Name=NetD13_1
Change Net Name : Old Net Name=NetP6_2 New Net Name=NetD12_2
Change Net Name : Old Net Name=NetP6_3 New Net Name=NetD10_1
Change Net Name : Old Net Name=NetP6_4 New Net Name=NetD9_2
Change Net Name : Old Net Name=NetP6_5 New Net Name=NetD7_1
Change Net Name : Old Net Name=NetP6_6 New Net Name=NetD21_1
Change Net Name : Old Net Name=NetP6_7 New Net Name=NetD20_2
Change Net Name : Old Net Name=NetP6_8 New Net Name=NetD6_2
Added Member To Class: ClassName=betaV2.2 Member=Component D30 SD03C
Added Member To Class: ClassName=betaV2.2 Member=Component D31 SD03C
Added Member To Class: ClassName=betaV2.2 Member=Component D32 SD15CT1
Added Room: Name=betaV2.2
