Change Component Footprint: Designator=D5 Old Footprint=SMB New Footprint=sod123
Change Component Footprint: Designator=D6 Old Footprint=SMB New Footprint=sod123
Change Component Footprint: Designator=D7 Old Footprint=SMB New Footprint=sod123
Change Component Footprint: Designator=D8 Old Footprint=SMB New Footprint=sod123
Change Component Comment : Designator=D5 Old Comment=SMAJ43CA New Comment=TPSMF4L10A
Change Component Comment : Designator=D6 Old Comment=SMAJ43CA New Comment=TPSMF4L10A
Change Component Comment : Designator=D7 Old Comment=SMAJ43CA New Comment=TPSMF4L10A
Change Component Comment : Designator=D8 Old Comment=SMAJ43CA New Comment=TPSMF4L10A
Added Member To Class: ClassName=betaV2.1 Member=Component C9 CC0805MRX7R9BB104
Added Member To Class: ClassName=betaV2.1 Member=Component C28 CC0805MRX7R9BB104
Added Member To Class: ClassName=betaV2.1 Member=Component C43 CC0805MRX7R9BB104
Added Member To Class: ClassName=betaV2.1 Member=Component C58 CC0805MRX7R9BB104
Added Member To Class: ClassName=betaV2.1 Member=Component C73 CC0805MRX7R9BB103
Added Member To Class: ClassName=betaV2.1 Member=Component R3 RC0805JR-07470RL
Added Member To Class: ClassName=betaV2.1 Member=Component R4 RC0805JR-073300RL
Added Member To Class: ClassName=betaV2.1 Member=Component R5 Res Varistor
Added Member To Class: ClassName=betaV2.1 Member=Component R6 RC0805JR-0710KRL
Added Member To Class: ClassName=betaV2.1 Member=Component R7 RC0805JR-07470RL
Added Member To Class: ClassName=betaV2.1 Member=Component R8 PNP-200KJBJ26-10R
Added Member To Class: ClassName=betaV2.1 Member=Component R9 PNP-200KJBJ26-10R
Added Member To Class: ClassName=betaV2.1 Member=Component R10 RC0805JR-07470RL
Added Member To Class: ClassName=betaV2.1 Member=Component R11 RC0805JR-071KL
Added Member To Class: ClassName=betaV2.1 Member=Component R12 RC0805JR-07470RL
Added Member To Class: ClassName=betaV2.1 Member=Component R13 RC0805JR-071KL
Added Member To Class: ClassName=betaV2.1 Member=Component R14 RC0805JR-07470RL
Added Member To Class: ClassName=betaV2.1 Member=Component R15 RC0805JR-07470RL
Added Member To Class: ClassName=betaV2.1 Member=Component R16 RC0805JR-07470RL
Added Member To Class: ClassName=betaV2.1 Member=Component R17 RC0805JR-07470RL
Added Member To Class: ClassName=betaV2.1 Member=Component R19 RC0805JR-0720RL
Added Member To Class: ClassName=betaV2.1 Member=Component R21 RC0805JR-0710KL
Added Member To Class: ClassName=betaV2.1 Member=Component R22 RC0805JR-07120RL
Added Member To Class: ClassName=betaV2.1 Member=Component R23 RC0805JR-071KL
Added Member To Class: ClassName=betaV2.1 Member=Component R24 RC0805JR-071KL
Added Member To Class: ClassName=betaV2.1 Member=Component R25 RC0805JR-071KL
Added Member To Class: ClassName=betaV2.1 Member=Component R26 RC0805JR-071KL
Added Member To Class: ClassName=betaV2.1 Member=Component R27 RC0805JR-071KL
Added Member To Class: ClassName=betaV2.1 Member=Component R28 RC0805JR-071KL
Added Member To Class: ClassName=betaV2.1 Member=Component R29 RC0805JR-071KL
Added Member To Class: ClassName=betaV2.1 Member=Component R30 RC0805JR-071KL
Added Member To Class: ClassName=betaV2.1 Member=Component R31 RC0805JR-071KL
Added Member To Class: ClassName=betaV2.1 Member=Component R32 RC0805JR-071KL
Added Member To Class: ClassName=betaV2.1 Member=Component R34 RC0805JR-071KL
Added Member To Class: ClassName=betaV2.1 Member=Component R36 RC0805JR-0710KL
Added Member To Class: ClassName=betaV2.1 Member=Component R37 RC0805JR-073KL
Added Member To Class: ClassName=betaV2.1 Member=Component R38 RC0805JR-0710KL
Added Member To Class: ClassName=betaV2.1 Member=Component R39 RC0805JR-0715RL
Added Member To Class: ClassName=betaV2.1 Member=Component R40 RC0805JR-075600RL
Added Member To Class: ClassName=betaV2.1 Member=Component R41 RC0805JR-0715RL
Added Member To Class: ClassName=betaV2.1 Member=Component R42 RC0805JR-075600RL
Added Member To Class: ClassName=betaV2.1 Member=Component R43 RC0805JR-078200RL
Added Member To Class: ClassName=betaV2.1 Member=Component R44 RC0805JR-071KL
Added Member To Class: ClassName=betaV2.1 Member=Component R45 RC0805JR-071KL
Added Member To Class: ClassName=betaV2.1 Member=Component R46 RC0805JR-071KL
Added Member To Class: ClassName=betaV2.1 Member=Component R47 RC0805JR-071KL
Added Member To Class: ClassName=betaV2.1 Member=Component R49 RC0805JR-071KL
Added Member To Class: ClassName=betaV2.1 Member=Component R51 RC0805JR-07470RL
Added Member To Class: ClassName=betaV2.1 Member=Component R52 RC0805JR-07470RL
Added Member To Class: ClassName=betaV2.1 Member=Component R53 Res2
Added Member To Class: ClassName=betaV2.1 Member=Component R54 3296W-1-104
Added Member To Class: ClassName=betaV2.1 Member=Component R55 RC0805JR-07100ML
Added Member To Class: ClassName=betaV2.1 Member=Component R56 RC0805JR-072KL
Added Member To Class: ClassName=betaV2.1 Member=Component R57 RC0805JR-075600RL
Added Member To Class: ClassName=betaV2.1 Member=Component R58 RC0805JR-071000KL
Added Member To Class: ClassName=betaV2.1 Member=Component R59 RC0805JR-0768KL
Added Member To Class: ClassName=betaV2.1 Member=Component R60 RC0805JR-0768KL
Added Member To Class: ClassName=betaV2.1 Member=Component R61 RC0805JR-072KL
Added Member To Class: ClassName=betaV2.1 Member=Component R62 3296W-1-102
Added Member To Class: ClassName=betaV2.1 Member=Component R64 RC0805JR-071KL
Added Member To Class: ClassName=betaV2.1 Member=Component R66 RC0805JR-0710KL
Added Member To Class: ClassName=betaV2.1 Member=Component R67 RC0805JR-07470RL
Added Member To Class: ClassName=betaV2.1 Member=Component R68 RC0805JR-072KL
Added Member To Class: ClassName=betaV2.1 Member=Component R69 RC0805JR-072KL
Added Member To Class: ClassName=betaV2.1 Member=Component U2 VO2630
