Removed Pin From Net: NetName=5VIN- Pin=D1-2
Removed Pin From Net: NetName=5VIN Pin=D4-1
Removed Pin From Net: NetName=NetD4_2 Pin=D4-2
Removed Pin From Net: NetName=5VIN- Pin=R10-1
Removed Pin From Net: NetName=NetD4_2 Pin=R10-2
Removed Member From Class: ClassName=betaV2.1 Member=D29
Removed Member From Class: ClassName=betaV2.1 Member=R74
Change Component Comment : Designator=Q3 Old Comment=NPN New Comment=SS8050
Change Component Designator: OldDesignator=D5 NewDesignator=D4
Change Component Designator: OldDesignator=D6 NewDesignator=D5
Change Component Designator: OldDesignator=D7 NewDesignator=D6
Change Component Designator: OldDesignator=D8 NewDesignator=D7
Change Component Designator: OldDesignator=D9 NewDesignator=D8
Change Component Designator: OldDesignator=D10 NewDesignator=D9
Change Component Designator: OldDesignator=D11 NewDesignator=D10
Change Component Designator: OldDesignator=D12 NewDesignator=D11
Change Component Designator: OldDesignator=D13 NewDesignator=D12
Change Component Designator: OldDesignator=D14 NewDesignator=D13
Change Component Designator: OldDesignator=D15 NewDesignator=D14
Change Component Designator: OldDesignator=D16 NewDesignator=D15
Change Component Designator: OldDesignator=D17 NewDesignator=D16
Change Component Designator: OldDesignator=D18 NewDesignator=D17
Change Component Designator: OldDesignator=D19 NewDesignator=D18
Change Component Designator: OldDesignator=D20 NewDesignator=D19
Change Component Designator: OldDesignator=D21 NewDesignator=D20
Change Component Designator: OldDesignator=D22 NewDesignator=D21
Change Component Designator: OldDesignator=D23 NewDesignator=D22
Change Component Designator: OldDesignator=D24 NewDesignator=D23
Change Component Designator: OldDesignator=D25 NewDesignator=D24
Change Component Designator: OldDesignator=D26 NewDesignator=D25
Change Component Designator: OldDesignator=D27 NewDesignator=D26
Change Component Designator: OldDesignator=D28 NewDesignator=D27
Change Component Designator: OldDesignator=D29 NewDesignator=D28
Change Component Designator: OldDesignator=Q1 NewDesignator=Q2
Change Component Designator: OldDesignator=Q2 NewDesignator=Q3
Change Component Designator: OldDesignator=Q3 NewDesignator=Q4
Change Component Designator: OldDesignator=R11 NewDesignator=R10
Change Component Designator: OldDesignator=R12 NewDesignator=R11
Change Component Designator: OldDesignator=R13 NewDesignator=R12
Change Component Designator: OldDesignator=R14 NewDesignator=R13
Change Component Designator: OldDesignator=R15 NewDesignator=R14
Change Component Designator: OldDesignator=R16 NewDesignator=R15
Change Component Designator: OldDesignator=R17 NewDesignator=R16
Change Component Designator: OldDesignator=R18 NewDesignator=R17
Change Component Designator: OldDesignator=R19 NewDesignator=R18
Change Component Designator: OldDesignator=R20 NewDesignator=R19
Change Component Designator: OldDesignator=R21 NewDesignator=R20
Change Component Designator: OldDesignator=R22 NewDesignator=R21
Change Component Designator: OldDesignator=R23 NewDesignator=R22
Change Component Designator: OldDesignator=R24 NewDesignator=R23
Change Component Designator: OldDesignator=R25 NewDesignator=R24
Change Component Designator: OldDesignator=R26 NewDesignator=R25
Change Component Designator: OldDesignator=R27 NewDesignator=R26
Change Component Designator: OldDesignator=R28 NewDesignator=R27
Change Component Designator: OldDesignator=R29 NewDesignator=R28
Change Component Designator: OldDesignator=R30 NewDesignator=R29
Change Component Designator: OldDesignator=R31 NewDesignator=R30
Change Component Designator: OldDesignator=R32 NewDesignator=R31
Change Component Designator: OldDesignator=R33 NewDesignator=R32
Change Component Designator: OldDesignator=R34 NewDesignator=R33
Change Component Designator: OldDesignator=R35 NewDesignator=R34
Change Component Designator: OldDesignator=R36 NewDesignator=R35
Change Component Designator: OldDesignator=R37 NewDesignator=R36
Change Component Designator: OldDesignator=R38 NewDesignator=R37
Change Component Designator: OldDesignator=R39 NewDesignator=R38
Change Component Designator: OldDesignator=R40 NewDesignator=R39
Change Component Designator: OldDesignator=R41 NewDesignator=R40
Change Component Designator: OldDesignator=R42 NewDesignator=R41
Change Component Designator: OldDesignator=R43 NewDesignator=R42
Change Component Designator: OldDesignator=R44 NewDesignator=R43
Change Component Designator: OldDesignator=R45 NewDesignator=R44
Change Component Designator: OldDesignator=R46 NewDesignator=R45
Change Component Designator: OldDesignator=R47 NewDesignator=R46
Change Component Designator: OldDesignator=R48 NewDesignator=R47
Change Component Designator: OldDesignator=R49 NewDesignator=R48
Change Component Designator: OldDesignator=R50 NewDesignator=R49
Change Component Designator: OldDesignator=R51 NewDesignator=R50
Change Component Designator: OldDesignator=R52 NewDesignator=R51
Change Component Designator: OldDesignator=R53 NewDesignator=R52
Change Component Designator: OldDesignator=R54 NewDesignator=R53
Change Component Designator: OldDesignator=R55 NewDesignator=R54
Change Component Designator: OldDesignator=R56 NewDesignator=R55
Change Component Designator: OldDesignator=R57 NewDesignator=R56
Change Component Designator: OldDesignator=R58 NewDesignator=R57
Change Component Designator: OldDesignator=R59 NewDesignator=R58
Change Component Designator: OldDesignator=R60 NewDesignator=R59
Change Component Designator: OldDesignator=R61 NewDesignator=R60
Change Component Designator: OldDesignator=R62 NewDesignator=R61
Change Component Designator: OldDesignator=R63 NewDesignator=R62
Change Component Designator: OldDesignator=R64 NewDesignator=R63
Change Component Designator: OldDesignator=R65 NewDesignator=R64
Change Component Designator: OldDesignator=R66 NewDesignator=R65
Change Component Designator: OldDesignator=R67 NewDesignator=R66
Change Component Designator: OldDesignator=R68 NewDesignator=R67
Change Component Designator: OldDesignator=R69 NewDesignator=R68
Change Component Designator: OldDesignator=R70 NewDesignator=R69
Change Component Designator: OldDesignator=R71 NewDesignator=R70
Change Component Designator: OldDesignator=R72 NewDesignator=R71
Change Component Designator: OldDesignator=R73 NewDesignator=R72
Change Component Designator: OldDesignator=R74 NewDesignator=R73
Added Component: Designator=Q1(SOT-23-BJT)
Add component (AddParameter): Name = "Code_JEDEC"; Value = "TO-226-AA"; VariantName = "[No Variations]"
Add component (AddParameter): Name = "LatestRevisionDate"; Value = "17-Jul-2002"; VariantName = "[No Variations]"
Add component (AddParameter): Name = "LatestRevisionNote"; Value = "Re-released for DXP Platform."; VariantName = "[No Variations]"
Add component (AddParameter): Name = "PackageDescription"; Value = "TO, Flat Index; 3 In-Line, Axial Leads; Body Dia. 4.8mm; Leads 0.55 x 0.51 mm (max)"; VariantName = "[No Variations]"
Add component (AddParameter): Name = "PackageReference"; Value = "TO-226-AA"; VariantName = "[No Variations]"
Add component (AddParameter): Name = "Published"; Value = "8-Jun-2000"; VariantName = "[No Variations]"
Add component (AddParameter): Name = "Publisher"; Value = "Altium Limited"; VariantName = "[No Variations]"
Added Pin To Net: NetName=NetD4_2 Pin=Q1-2
Added Pin To Net: NetName=5VIN- Pin=Q1-3
Added Pin To Net: NetName=NetD4_2 Pin=U6-11
Change Net Name : Old Net Name=NetD4_2 New Net Name=PowerOK
Change Net Name : Old Net Name=NetD5_1 New Net Name=NetD4_1
Change Net Name : Old Net Name=NetD6_2 New Net Name=NetD5_2
Change Net Name : Old Net Name=NetQ1_2 New Net Name=NetQ2_2
Change Net Name : Old Net Name=NetQ3_1 New Net Name=NetQ4_1
Change Net Name : Old Net Name=NetQ3_2 New Net Name=NetQ4_2
Change Net Name : Old Net Name=NetR14_1 New Net Name=NetR13_1
Change Net Name : Old Net Name=NetR15_1 New Net Name=NetR14_1
Change Net Name : Old Net Name=NetR16_1 New Net Name=NetR15_1
Change Net Name : Old Net Name=NetR17_1 New Net Name=NetR16_1
Change Net Name : Old Net Name=NetR36_1 New Net Name=NetR35_1
Change Net Name : Old Net Name=NetR55_3 New Net Name=NetR54_3
Change Net Name : Old Net Name=NetR56_1 New Net Name=NetR55_1
Change Net Name : Old Net Name=NetR60_2 New Net Name=NetR59_2
Change Net Name : Old Net Name=NetR61_3 New Net Name=NetR60_3
Change Net Name : Old Net Name=NetR67_2 New Net Name=NetR66_2
Change Net Name : Old Net Name=NetR69_2 New Net Name=NetR68_2
Change Net Name : Old Net Name=NetR71_1 New Net Name=NetR70_1
Change Net Name : Old Net Name=NetR73_2 New Net Name=NetR72_2
Added Pin To Net: NetName=NetD1_2 Pin=D1-2
Added Pin To Net: NetName=NetD1_2 Pin=Q1-1
Added Net: Name=NetD1_2
Added Member To Class: ClassName=betaV2.1 Member=Component C10 T494B106M006AHAUTO
Added Member To Class: ClassName=betaV2.1 Member=Component C12 CC0805MRX7R9BB104
Added Member To Class: ClassName=betaV2.1 Member=Component C14 T494B476M010AHAUTO
Added Member To Class: ClassName=betaV2.1 Member=Component C16 T494B106M006AHAUTO
Added Member To Class: ClassName=betaV2.1 Member=Component C18 CC0805MRX7R9BB104
Added Member To Class: ClassName=betaV2.1 Member=Component C20 T494B476K025ATAUTO
Added Member To Class: ClassName=betaV2.1 Member=Component C21 ECR1HQG100M-063007
Added Member To Class: ClassName=betaV2.1 Member=Component C23 T494B106M006AHAUTO
Added Member To Class: ClassName=betaV2.1 Member=Component C25 CC0805MRX7R9BB104
Added Member To Class: ClassName=betaV2.1 Member=Component C27 CC0805MRX7R9BB104
Added Member To Class: ClassName=betaV2.1 Member=Component C29 CC0805MRX7R9BB104
Added Member To Class: ClassName=betaV2.1 Member=Component C31 CC0805MRX7R9BB104
Added Member To Class: ClassName=betaV2.1 Member=Component C33 T494B106M006AHAUTO
Added Member To Class: ClassName=betaV2.1 Member=Component C35 CC0805MRX7R9BB104
Added Member To Class: ClassName=betaV2.1 Member=Component C36 CC0805MRX7R9BB103
Added Member To Class: ClassName=betaV2.1 Member=Component C38 CC0805MRX7R9BB104
Added Member To Class: ClassName=betaV2.1 Member=Component C40 CC0805MRX7R9BB103
Added Member To Class: ClassName=betaV2.1 Member=Component C42 CC0805MRX7R9BB103
Added Member To Class: ClassName=betaV2.1 Member=Component C44 CC0805MRX7R9BB104
Added Member To Class: ClassName=betaV2.1 Member=Component C46 T494B106M006AHAUTO
Added Member To Class: ClassName=betaV2.1 Member=Component C48 CC0805MRX7R9BB103
Added Member To Class: ClassName=betaV2.1 Member=Component C50 T494B106M025AHAUTO
Added Member To Class: ClassName=betaV2.1 Member=Component C51 CC0805MRX7R9BB103
Added Member To Class: ClassName=betaV2.1 Member=Component C53 CC0805MRX7R9BB104
Added Member To Class: ClassName=betaV2.1 Member=Component C55 CC0805MRX7R9BB103
Added Member To Class: ClassName=betaV2.1 Member=Component C57 CC0805MRX7R9BB103
Added Member To Class: ClassName=betaV2.1 Member=Component C59 CC0805MRX7R9BB104
Added Member To Class: ClassName=betaV2.1 Member=Component C61 T494B106M025AHAUTO
Added Member To Class: ClassName=betaV2.1 Member=Component C63 CC0805MRX7R9BB104
Added Member To Class: ClassName=betaV2.1 Member=Component C65 T494B106M006AHAUTO
Added Member To Class: ClassName=betaV2.1 Member=Component C66 CC0805MRX7R9BB104
Added Member To Class: ClassName=betaV2.1 Member=Component C68 CC0805MRX7R9BB104
Added Member To Class: ClassName=betaV2.1 Member=Component C70 CC0805MRX7R9BB104
Added Member To Class: ClassName=betaV2.1 Member=Component C72 CC0805MRX7R9BB103
Added Member To Class: ClassName=betaV2.1 Member=Component Q4 SS8050
Added Room: Name=betaV2.1
